# JRE version: Java(TM) SE Runtime Environment (22.0.2+9) (build 22.0.2+9-70)
# Java VM: Java HotSpot(TM) 64-Bit Server VM (22.0.2+9-70, mixed mode, sharing, tiered, compressed oops, compressed class ptrs, g1 gc, windows-amd64)
GC Precious Log:
 CardTable entry size: 512
 Card Set container configuration: InlinePtr #cards 5 size 8 Array Of Cards #cards 12 size 40 Howl #buckets 4 coarsen threshold 1843 Howl Bitmap #cards 512 size 80 coarsen threshold 460 Card regions per heap region 1 cards per card region 2048
 CPUs: 4 total, 4 available
 Memory: 8172M
 Large Page Support: Disabled
 NUMA Support: Disabled
 Compressed Oops: Enabled (32-bit)
 Heap Region Size: 1M
 Heap Min Capacity: 8M
 Heap Initial Capacity: 128M
 Heap Max Capacity: 2044M
 Pre-touch: Disabled
 Parallel Workers: 4
 Concurrent Workers: 1
 Concurrent Refinement Workers: 4
 Periodic GC: Disabled
Heap:
 garbage-first heap   total reserved 2093056K, committed 53248K, used 46687K [0x0000000080400000, 0x0000000100000000)
  region size 1024K, 20 young (20480K), 3 survivors (3072K)
 Metaspace       used 33346K, committed 33664K, reserved 1114112K
  class space    used 3886K, committed 4032K, reserved 1048576K
GC Heap History (20 events):
Event: 22.850 GC heap after
{Heap after GC invocations=3 (full 0):
 garbage-first heap   total reserved 2093056K, committed 131072K, used 12402K [0x0000000080400000, 0x0000000100000000)
  region size 1024K, 9 young (9216K), 9 survivors (9216K)
 Metaspace       used 17880K, committed 18176K, reserved 1114112K
  class space    used 2116K, committed 2240K, reserved 1048576K
}
Event: 23.517 GC heap before
{Heap before GC invocations=3 (full 0):
 garbage-first heap   total reserved 2093056K, committed 131072K, used 18546K [0x0000000080400000, 0x0000000100000000)
  region size 1024K, 16 young (16384K), 9 survivors (9216K)
 Metaspace       used 21254K, committed 21504K, reserved 1114112K
  class space    used 2579K, committed 2688K, reserved 1048576K
}
Event: 23.526 GC heap after
{Heap after GC invocations=4 (full 0):
 garbage-first heap   total reserved 2093056K, committed 131072K, used 14399K [0x0000000080400000, 0x0000000100000000)
  region size 1024K, 2 young (2048K), 2 survivors (2048K)
 Metaspace       used 21254K, committed 21504K, reserved 1114112K
  class space    used 2579K, committed 2688K, reserved 1048576K
}
Event: 26.587 GC heap before
{Heap before GC invocations=5 (full 0):
 garbage-first heap   total reserved 2093056K, committed 51200K, used 43071K [0x0000000080400000, 0x0000000100000000)
  region size 1024K, 30 young (30720K), 2 survivors (2048K)
 Metaspace       used 23655K, committed 23872K, reserved 1114112K
  class space    used 2834K, committed 2944K, reserved 1048576K
}
Event: 26.594 GC heap after
{Heap after GC invocations=6 (full 0):
 garbage-first heap   total reserved 2093056K, committed 51200K, used 18039K [0x0000000080400000, 0x0000000100000000)
  region size 1024K, 4 young (4096K), 4 survivors (4096K)
 Metaspace       used 23655K, committed 23872K, reserved 1114112K
  class space    used 2834K, committed 2944K, reserved 1048576K
}
Event: 27.053 GC heap before
{Heap before GC invocations=6 (full 0):
 garbage-first heap   total reserved 2093056K, committed 51200K, used 39543K [0x0000000080400000, 0x0000000100000000)
  region size 1024K, 25 young (25600K), 4 survivors (4096K)
 Metaspace       used 23788K, committed 24064K, reserved 1114112K
  class space    used 2839K, committed 2944K, reserved 1048576K
}
Event: 27.058 GC heap after
{Heap after GC invocations=7 (full 0):
 garbage-first heap   total reserved 2093056K, committed 51200K, used 19842K [0x0000000080400000, 0x0000000100000000)
  region size 1024K, 2 young (2048K), 2 survivors (2048K)
 Metaspace       used 23788K, committed 24064K, reserved 1114112K
  class space    used 2839K, committed 2944K, reserved 1048576K
}
Event: 27.604 GC heap before
{Heap before GC invocations=7 (full 0):
 garbage-first heap   total reserved 2093056K, committed 51200K, used 40322K [0x0000000080400000, 0x0000000100000000)
  region size 1024K, 22 young (22528K), 2 survivors (2048K)
 Metaspace       used 24037K, committed 24320K, reserved 1114112K
  class space    used 2841K, committed 2944K, reserved 1048576K
}
Event: 27.607 GC heap after
{Heap after GC invocations=8 (full 0):
 garbage-first heap   total reserved 2093056K, committed 51200K, used 21490K [0x0000000080400000, 0x0000000100000000)
  region size 1024K, 2 young (2048K), 2 survivors (2048K)
 Metaspace       used 24037K, committed 24320K, reserved 1114112K
  class space    used 2841K, committed 2944K, reserved 1048576K
}
Event: 28.602 GC heap before
{Heap before GC invocations=8 (full 0):
 garbage-first heap   total reserved 2093056K, committed 51200K, used 41970K [0x0000000080400000, 0x0000000100000000)
  region size 1024K, 22 young (22528K), 2 survivors (2048K)
 Metaspace       used 24148K, committed 24384K, reserved 1114112K
  class space    used 2841K, committed 2944K, reserved 1048576K
}
Event: 28.605 GC heap after
{Heap after GC invocations=9 (full 0):
 garbage-first heap   total reserved 2093056K, committed 51200K, used 22012K [0x0000000080400000, 0x0000000100000000)
  region size 1024K, 3 young (3072K), 3 survivors (3072K)
 Metaspace       used 24148K, committed 24384K, reserved 1114112K
  class space    used 2841K, committed 2944K, reserved 1048576K
}
Event: 30.732 GC heap before
{Heap before GC invocations=9 (full 0):
 garbage-first heap   total reserved 2093056K, committed 51200K, used 42492K [0x0000000080400000, 0x0000000100000000)
  region size 1024K, 23 young (23552K), 3 survivors (3072K)
 Metaspace       used 24466K, committed 24704K, reserved 1114112K
  class space    used 2857K, committed 2944K, reserved 1048576K
}
Event: 30.736 GC heap after
{Heap after GC invocations=10 (full 0):
 garbage-first heap   total reserved 2093056K, committed 51200K, used 22926K [0x0000000080400000, 0x0000000100000000)
  region size 1024K, 2 young (2048K), 2 survivors (2048K)
 Metaspace       used 24466K, committed 24704K, reserved 1114112K
  class space    used 2857K, committed 2944K, reserved 1048576K
}
Event: 32.979 GC heap before
{Heap before GC invocations=10 (full 0):
 garbage-first heap   total reserved 2093056K, committed 51200K, used 44430K [0x0000000080400000, 0x0000000100000000)
  region size 1024K, 23 young (23552K), 2 survivors (2048K)
 Metaspace       used 25603K, committed 25856K, reserved 1114112K
  class space    used 2968K, committed 3072K, reserved 1048576K
}
Event: 32.985 GC heap after
{Heap after GC invocations=11 (full 0):
 garbage-first heap   total reserved 2093056K, committed 51200K, used 24117K [0x0000000080400000, 0x0000000100000000)
  region size 1024K, 3 young (3072K), 3 survivors (3072K)
 Metaspace       used 25603K, committed 25856K, reserved 1114112K
  class space    used 2968K, committed 3072K, reserved 1048576K
}
Event: 33.835 GC heap before
{Heap before GC invocations=11 (full 0):
 garbage-first heap   total reserved 2093056K, committed 51200K, used 29237K [0x0000000080400000, 0x0000000100000000)
  region size 1024K, 10 young (10240K), 3 survivors (3072K)
 Metaspace       used 27591K, committed 27968K, reserved 1114112K
  class space    used 3204K, committed 3392K, reserved 1048576K
}
Event: 33.840 GC heap after
{Heap after GC invocations=12 (full 0):
 garbage-first heap   total reserved 2093056K, committed 51200K, used 24725K [0x0000000080400000, 0x0000000100000000)
  region size 1024K, 2 young (2048K), 2 survivors (2048K)
 Metaspace       used 27591K, committed 27968K, reserved 1114112K
  class space    used 3204K, committed 3392K, reserved 1048576K
}
Event: 37.822 GC heap before
{Heap before GC invocations=13 (full 0):
 garbage-first heap   total reserved 2093056K, committed 51200K, used 46229K [0x0000000080400000, 0x0000000100000000)
  region size 1024K, 21 young (21504K), 2 survivors (2048K)
 Metaspace       used 33342K, committed 33664K, reserved 1114112K
  class space    used 3886K, committed 4032K, reserved 1048576K
}
Event: 37.829 GC heap after
{Heap after GC invocations=14 (full 0):
 garbage-first heap   total reserved 2093056K, committed 53248K, used 28255K [0x0000000080400000, 0x0000000100000000)
  region size 1024K, 3 young (3072K), 3 survivors (3072K)
 Metaspace       used 33342K, committed 33664K, reserved 1114112K
  class space    used 3886K, committed 4032K, reserved 1048576K
}
Event: 39.320 GC heap before
{Heap before GC invocations=14 (full 0):
 garbage-first heap   total reserved 2093056K, committed 53248K, used 46687K [0x0000000080400000, 0x0000000100000000)
  region size 1024K, 20 young (20480K), 3 survivors (3072K)
 Metaspace       used 33346K, committed 33664K, reserved 1114112K
  class space    used 3886K, committed 4032K, reserved 1048576K
}

