# JRE version: Java(TM) SE Runtime Environment (22.0.2+9) (build 22.0.2+9-70)
# Java VM: Java HotSpot(TM) 64-Bit Server VM (22.0.2+9-70, mixed mode, sharing, tiered, compressed oops, compressed class ptrs, g1 gc, windows-amd64)
GC Precious Log:
 CardTable entry size: 512
 Card Set container configuration: InlinePtr #cards 5 size 8 Array Of Cards #cards 12 size 40 Howl #buckets 4 coarsen threshold 1843 Howl Bitmap #cards 512 size 80 coarsen threshold 460 Card regions per heap region 1 cards per card region 2048
 CPUs: 4 total, 4 available
 Memory: 8172M
 Large Page Support: Disabled
 NUMA Support: Disabled
 Compressed Oops: Enabled (32-bit)
 Heap Region Size: 1M
 Heap Min Capacity: 8M
 Heap Initial Capacity: 128M
 Heap Max Capacity: 2044M
 Pre-touch: Disabled
 Parallel Workers: 4
 Concurrent Workers: 1
 Concurrent Refinement Workers: 4
 Periodic GC: Disabled
Heap:
 garbage-first heap   total reserved 2093056K, committed 48128K, used 37804K [0x0000000080400000, 0x0000000100000000)
  region size 1024K, 14 young (14336K), 3 survivors (3072K)
 Metaspace       used 29296K, committed 29632K, reserved 1114112K
  class space    used 3471K, committed 3648K, reserved 1048576K
GC Heap History (20 events):
Event: 9.210 GC heap before
{Heap before GC invocations=1 (full 0):
 garbage-first heap   total reserved 2093056K, committed 131072K, used 20735K [0x0000000080400000, 0x0000000100000000)
  region size 1024K, 19 young (19456K), 2 survivors (2048K)
 Metaspace       used 6478K, committed 6720K, reserved 1114112K
  class space    used 775K, committed 896K, reserved 1048576K
}
Event: 9.214 GC heap after
{Heap after GC invocations=2 (full 0):
 garbage-first heap   total reserved 2093056K, committed 131072K, used 4254K [0x0000000080400000, 0x0000000100000000)
  region size 1024K, 1 young (1024K), 1 survivors (1024K)
 Metaspace       used 6478K, committed 6720K, reserved 1114112K
  class space    used 775K, committed 896K, reserved 1048576K
}
Event: 20.407 GC heap before
{Heap before GC invocations=2 (full 0):
 garbage-first heap   total reserved 2093056K, committed 131072K, used 80030K [0x0000000080400000, 0x0000000100000000)
  region size 1024K, 76 young (77824K), 1 survivors (1024K)
 Metaspace       used 17866K, committed 18176K, reserved 1114112K
  class space    used 2115K, committed 2240K, reserved 1048576K
}
Event: 20.417 GC heap after
{Heap after GC invocations=3 (full 0):
 garbage-first heap   total reserved 2093056K, committed 131072K, used 12164K [0x0000000080400000, 0x0000000100000000)
  region size 1024K, 9 young (9216K), 9 survivors (9216K)
 Metaspace       used 17866K, committed 18176K, reserved 1114112K
  class space    used 2115K, committed 2240K, reserved 1048576K
}
Event: 21.469 GC heap before
{Heap before GC invocations=3 (full 0):
 garbage-first heap   total reserved 2093056K, committed 131072K, used 19332K [0x0000000080400000, 0x0000000100000000)
  region size 1024K, 17 young (17408K), 9 survivors (9216K)
 Metaspace       used 21247K, committed 21504K, reserved 1114112K
  class space    used 2582K, committed 2688K, reserved 1048576K
}
Event: 21.479 GC heap after
{Heap after GC invocations=4 (full 0):
 garbage-first heap   total reserved 2093056K, committed 131072K, used 14336K [0x0000000080400000, 0x0000000100000000)
  region size 1024K, 2 young (2048K), 2 survivors (2048K)
 Metaspace       used 21247K, committed 21504K, reserved 1114112K
  class space    used 2582K, committed 2688K, reserved 1048576K
}
Event: 23.916 GC heap before
{Heap before GC invocations=5 (full 0):
 garbage-first heap   total reserved 2093056K, committed 48128K, used 40960K [0x0000000080400000, 0x0000000100000000)
  region size 1024K, 28 young (28672K), 2 survivors (2048K)
 Metaspace       used 23630K, committed 23872K, reserved 1114112K
  class space    used 2837K, committed 2944K, reserved 1048576K
}
Event: 23.923 GC heap after
{Heap after GC invocations=6 (full 0):
 garbage-first heap   total reserved 2093056K, committed 48128K, used 17408K [0x0000000080400000, 0x0000000100000000)
  region size 1024K, 4 young (4096K), 4 survivors (4096K)
 Metaspace       used 23630K, committed 23872K, reserved 1114112K
  class space    used 2837K, committed 2944K, reserved 1048576K
}
Event: 25.676 GC heap before
{Heap before GC invocations=6 (full 0):
 garbage-first heap   total reserved 2093056K, committed 48128K, used 36864K [0x0000000080400000, 0x0000000100000000)
  region size 1024K, 23 young (23552K), 4 survivors (4096K)
 Metaspace       used 23766K, committed 24064K, reserved 1114112K
  class space    used 2842K, committed 2944K, reserved 1048576K
}
Event: 25.682 GC heap after
{Heap after GC invocations=7 (full 0):
 garbage-first heap   total reserved 2093056K, committed 48128K, used 19456K [0x0000000080400000, 0x0000000100000000)
  region size 1024K, 2 young (2048K), 2 survivors (2048K)
 Metaspace       used 23766K, committed 24064K, reserved 1114112K
  class space    used 2842K, committed 2944K, reserved 1048576K
}
Event: 26.194 GC heap before
{Heap before GC invocations=7 (full 0):
 garbage-first heap   total reserved 2093056K, committed 48128K, used 38912K [0x0000000080400000, 0x0000000100000000)
  region size 1024K, 21 young (21504K), 2 survivors (2048K)
 Metaspace       used 23924K, committed 24192K, reserved 1114112K
  class space    used 2844K, committed 2944K, reserved 1048576K
}
Event: 26.198 GC heap after
{Heap after GC invocations=8 (full 0):
 garbage-first heap   total reserved 2093056K, committed 48128K, used 20373K [0x0000000080400000, 0x0000000100000000)
  region size 1024K, 2 young (2048K), 2 survivors (2048K)
 Metaspace       used 23924K, committed 24192K, reserved 1114112K
  class space    used 2844K, committed 2944K, reserved 1048576K
}
Event: 27.349 GC heap before
{Heap before GC invocations=8 (full 0):
 garbage-first heap   total reserved 2093056K, committed 48128K, used 38805K [0x0000000080400000, 0x0000000100000000)
  region size 1024K, 20 young (20480K), 2 survivors (2048K)
 Metaspace       used 24145K, committed 24448K, reserved 1114112K
  class space    used 2845K, committed 2944K, reserved 1048576K
}
Event: 27.352 GC heap after
{Heap after GC invocations=9 (full 0):
 garbage-first heap   total reserved 2093056K, committed 48128K, used 21177K [0x0000000080400000, 0x0000000100000000)
  region size 1024K, 2 young (2048K), 2 survivors (2048K)
 Metaspace       used 24145K, committed 24448K, reserved 1114112K
  class space    used 2845K, committed 2944K, reserved 1048576K
}
Event: 28.484 GC heap before
{Heap before GC invocations=9 (full 0):
 garbage-first heap   total reserved 2093056K, committed 48128K, used 40633K [0x0000000080400000, 0x0000000100000000)
  region size 1024K, 21 young (21504K), 2 survivors (2048K)
 Metaspace       used 24230K, committed 24512K, reserved 1114112K
  class space    used 2845K, committed 2944K, reserved 1048576K
}
Event: 28.487 GC heap after
{Heap after GC invocations=10 (full 0):
 garbage-first heap   total reserved 2093056K, committed 48128K, used 21820K [0x0000000080400000, 0x0000000100000000)
  region size 1024K, 2 young (2048K), 2 survivors (2048K)
 Metaspace       used 24230K, committed 24512K, reserved 1114112K
  class space    used 2845K, committed 2944K, reserved 1048576K
}
Event: 32.327 GC heap before
{Heap before GC invocations=10 (full 0):
 garbage-first heap   total reserved 2093056K, committed 48128K, used 41276K [0x0000000080400000, 0x0000000100000000)
  region size 1024K, 21 young (21504K), 2 survivors (2048K)
 Metaspace       used 25020K, committed 25280K, reserved 1114112K
  class space    used 2935K, committed 3008K, reserved 1048576K
}
Event: 32.331 GC heap after
{Heap after GC invocations=11 (full 0):
 garbage-first heap   total reserved 2093056K, committed 48128K, used 22853K [0x0000000080400000, 0x0000000100000000)
  region size 1024K, 2 young (2048K), 2 survivors (2048K)
 Metaspace       used 25020K, committed 25280K, reserved 1114112K
  class space    used 2935K, committed 3008K, reserved 1048576K
}
Event: 34.482 GC heap before
{Heap before GC invocations=11 (full 0):
 garbage-first heap   total reserved 2093056K, committed 48128K, used 39237K [0x0000000080400000, 0x0000000100000000)
  region size 1024K, 19 young (19456K), 2 survivors (2048K)
 Metaspace       used 27564K, committed 27904K, reserved 1114112K
  class space    used 3210K, committed 3392K, reserved 1048576K
}
Event: 34.487 GC heap after
{Heap after GC invocations=12 (full 0):
 garbage-first heap   total reserved 2093056K, committed 48128K, used 24492K [0x0000000080400000, 0x0000000100000000)
  region size 1024K, 3 young (3072K), 3 survivors (3072K)
 Metaspace       used 27564K, committed 27904K, reserved 1114112K
  class space    used 3210K, committed 3392K, reserved 1048576K
}

